  [1m[35m (7.6ms)[0m  [1m[35mCREATE DATABASE "goodPlays_development" ENCODING = 'unicode'[0m
  ↳ bin/rails:9
  [1m[35m (1.0ms)[0m  [1m[35mCREATE DATABASE "goodPlays_test" ENCODING = 'unicode'[0m
  ↳ bin/rails:9
  [1m[35m (592.3ms)[0m  [1m[35mCREATE DATABASE "goodPlays_development" ENCODING = 'unicode'[0m
  ↳ bin/rails:9
  [1m[35m (307.9ms)[0m  [1m[35mCREATE DATABASE "goodPlays_test" ENCODING = 'unicode'[0m
  ↳ bin/rails:9
  [1m[35m (21.1ms)[0m  [1m[35mCREATE TABLE "schema_migrations" ("version" character varying NOT NULL PRIMARY KEY)[0m
  ↳ bin/rails:9
  [1m[35m (15.1ms)[0m  [1m[35mCREATE TABLE "ar_internal_metadata" ("key" character varying NOT NULL PRIMARY KEY, "value" character varying, "created_at" timestamp NOT NULL, "updated_at" timestamp NOT NULL)[0m
  ↳ bin/rails:9
  [1m[35m (17.0ms)[0m  [1m[34mSELECT pg_try_advisory_lock(2933960038417237935)[0m
  ↳ bin/rails:9
  [1m[35m (0.7ms)[0m  [1m[34mSELECT "schema_migrations"."version" FROM "schema_migrations" ORDER BY "schema_migrations"."version" ASC[0m
  ↳ bin/rails:9
Migrating to CreateUsers (20190730144939)
  [1m[35m (0.3ms)[0m  [1m[35mBEGIN[0m
  ↳ bin/rails:9
  [1m[35m (7.0ms)[0m  [1m[35mCREATE TABLE "users" ("id" bigserial primary key, "username" character varying NOT NULL, "email" character varying NOT NULL, "password_digest" character varying NOT NULL, "session_token" character varying NOT NULL, "created_at" timestamp NOT NULL, "updated_at" timestamp NOT NULL)[0m
  ↳ db/migrate/20190730144939_create_users.rb:3
  [1m[35m (7.4ms)[0m  [1m[35mCREATE UNIQUE INDEX  "index_users_on_session_token" ON "users"  ("session_token")[0m
  ↳ db/migrate/20190730144939_create_users.rb:11
  [1m[35m (1.2ms)[0m  [1m[35mCREATE UNIQUE INDEX  "index_users_on_username" ON "users"  ("username")[0m
  ↳ db/migrate/20190730144939_create_users.rb:12
  [1m[36mActiveRecord::SchemaMigration Create (0.9ms)[0m  [1m[32mINSERT INTO "schema_migrations" ("version") VALUES ($1) RETURNING "version"[0m  [["version", "20190730144939"]]
  ↳ bin/rails:9
  [1m[35m (0.9ms)[0m  [1m[35mCOMMIT[0m
  ↳ bin/rails:9
  [1m[36mActiveRecord::InternalMetadata Load (0.6ms)[0m  [1m[34mSELECT  "ar_internal_metadata".* FROM "ar_internal_metadata" WHERE "ar_internal_metadata"."key" = $1 LIMIT $2[0m  [["key", "environment"], ["LIMIT", 1]]
  ↳ bin/rails:9
  [1m[35m (0.8ms)[0m  [1m[35mBEGIN[0m
  ↳ bin/rails:9
  [1m[36mActiveRecord::InternalMetadata Create (0.8ms)[0m  [1m[32mINSERT INTO "ar_internal_metadata" ("key", "value", "created_at", "updated_at") VALUES ($1, $2, $3, $4) RETURNING "key"[0m  [["key", "environment"], ["value", "development"], ["created_at", "2019-07-30 14:53:47.020293"], ["updated_at", "2019-07-30 14:53:47.020293"]]
  ↳ bin/rails:9
  [1m[35m (0.4ms)[0m  [1m[35mCOMMIT[0m
  ↳ bin/rails:9
  [1m[35m (0.3ms)[0m  [1m[34mSELECT pg_advisory_unlock(2933960038417237935)[0m
  ↳ bin/rails:9
  [1m[35m (0.3ms)[0m  [1m[34mSELECT "schema_migrations"."version" FROM "schema_migrations" ORDER BY "schema_migrations"."version" ASC[0m
  ↳ bin/rails:9
Started GET "/" for ::1 at 2019-07-30 11:41:33 -0400
  [1m[35m (1.2ms)[0m  [1m[34mSELECT "schema_migrations"."version" FROM "schema_migrations" ORDER BY "schema_migrations"."version" ASC[0m
  ↳ /Users/aa/.rbenv/versions/2.5.1/lib/ruby/gems/2.5.0/gems/activerecord-5.2.3/lib/active_record/log_subscriber.rb:98
Processing by Rails::WelcomeController#index as HTML
  Rendering /Users/aa/.rbenv/versions/2.5.1/lib/ruby/gems/2.5.0/gems/railties-5.2.3/lib/rails/templates/rails/welcome/index.html.erb
  Rendered /Users/aa/.rbenv/versions/2.5.1/lib/ruby/gems/2.5.0/gems/railties-5.2.3/lib/rails/templates/rails/welcome/index.html.erb (75.0ms)
Completed 200 OK in 154ms (Views: 149.2ms | ActiveRecord: 0.0ms)


Started GET "/" for ::1 at 2019-07-30 12:00:23 -0400
  [1m[35m (19.8ms)[0m  [1m[34mSELECT "schema_migrations"."version" FROM "schema_migrations" ORDER BY "schema_migrations"."version" ASC[0m
  ↳ /Users/aa/.rbenv/versions/2.5.1/lib/ruby/gems/2.5.0/gems/activerecord-5.2.3/lib/active_record/log_subscriber.rb:98
Processing by Rails::WelcomeController#index as HTML
  Rendering /Users/aa/.rbenv/versions/2.5.1/lib/ruby/gems/2.5.0/gems/railties-5.2.3/lib/rails/templates/rails/welcome/index.html.erb
  Rendered /Users/aa/.rbenv/versions/2.5.1/lib/ruby/gems/2.5.0/gems/railties-5.2.3/lib/rails/templates/rails/welcome/index.html.erb (5.0ms)
Completed 200 OK in 38ms (Views: 31.1ms | ActiveRecord: 0.0ms)


Started GET "/" for ::1 at 2019-07-30 13:13:08 -0400
  [1m[35m (2.2ms)[0m  [1m[34mSELECT "schema_migrations"."version" FROM "schema_migrations" ORDER BY "schema_migrations"."version" ASC[0m
  ↳ /Users/aa/.rbenv/versions/2.5.1/lib/ruby/gems/2.5.0/gems/activerecord-5.2.3/lib/active_record/log_subscriber.rb:98
Processing by Rails::WelcomeController#index as HTML
  Rendering /Users/aa/.rbenv/versions/2.5.1/lib/ruby/gems/2.5.0/gems/railties-5.2.3/lib/rails/templates/rails/welcome/index.html.erb
  Rendered /Users/aa/.rbenv/versions/2.5.1/lib/ruby/gems/2.5.0/gems/railties-5.2.3/lib/rails/templates/rails/welcome/index.html.erb (4.9ms)
Completed 200 OK in 31ms (Views: 27.1ms | ActiveRecord: 0.0ms)


Started GET "/" for ::1 at 2019-07-30 13:15:42 -0400
Processing by Rails::WelcomeController#index as HTML
  Rendering /Users/aa/.rbenv/versions/2.5.1/lib/ruby/gems/2.5.0/gems/railties-5.2.3/lib/rails/templates/rails/welcome/index.html.erb
  Rendered /Users/aa/.rbenv/versions/2.5.1/lib/ruby/gems/2.5.0/gems/railties-5.2.3/lib/rails/templates/rails/welcome/index.html.erb (3.9ms)
Completed 200 OK in 31ms (Views: 9.9ms | ActiveRecord: 0.0ms)


Started GET "/" for ::1 at 2019-07-30 13:30:55 -0400
  [1m[35m (1.1ms)[0m  [1m[34mSELECT "schema_migrations"."version" FROM "schema_migrations" ORDER BY "schema_migrations"."version" ASC[0m
  ↳ /Users/aa/.rbenv/versions/2.5.1/lib/ruby/gems/2.5.0/gems/activerecord-5.2.3/lib/active_record/log_subscriber.rb:98
Processing by Rails::WelcomeController#index as HTML
  Rendering /Users/aa/.rbenv/versions/2.5.1/lib/ruby/gems/2.5.0/gems/railties-5.2.3/lib/rails/templates/rails/welcome/index.html.erb
  Rendered /Users/aa/.rbenv/versions/2.5.1/lib/ruby/gems/2.5.0/gems/railties-5.2.3/lib/rails/templates/rails/welcome/index.html.erb (13.1ms)
Completed 200 OK in 47ms (Views: 41.4ms | ActiveRecord: 0.0ms)


Started GET "/" for ::1 at 2019-07-30 13:33:28 -0400
Processing by Rails::WelcomeController#index as HTML
  Rendering /Users/aa/.rbenv/versions/2.5.1/lib/ruby/gems/2.5.0/gems/railties-5.2.3/lib/rails/templates/rails/welcome/index.html.erb
  Rendered /Users/aa/.rbenv/versions/2.5.1/lib/ruby/gems/2.5.0/gems/railties-5.2.3/lib/rails/templates/rails/welcome/index.html.erb (5.8ms)
Completed 200 OK in 36ms (Views: 15.9ms | ActiveRecord: 0.0ms)


Started GET "/" for ::1 at 2019-07-30 13:33:31 -0400
Processing by Rails::WelcomeController#index as HTML
  Rendering /Users/aa/.rbenv/versions/2.5.1/lib/ruby/gems/2.5.0/gems/railties-5.2.3/lib/rails/templates/rails/welcome/index.html.erb
  Rendered /Users/aa/.rbenv/versions/2.5.1/lib/ruby/gems/2.5.0/gems/railties-5.2.3/lib/rails/templates/rails/welcome/index.html.erb (4.5ms)
Completed 200 OK in 11ms (Views: 8.0ms | ActiveRecord: 0.0ms)


Started GET "/" for ::1 at 2019-07-30 13:34:58 -0400
  [1m[35m (29.3ms)[0m  [1m[34mSELECT "schema_migrations"."version" FROM "schema_migrations" ORDER BY "schema_migrations"."version" ASC[0m
  ↳ /Users/aa/.rbenv/versions/2.5.1/lib/ruby/gems/2.5.0/gems/activerecord-5.2.3/lib/active_record/log_subscriber.rb:98
Processing by StaticPagesController#root as HTML
  Rendering static_pages/root.html.erb within layouts/application
  Rendered static_pages/root.html.erb within layouts/application (13.9ms)
Completed 200 OK in 3481ms (Views: 3480.3ms | ActiveRecord: 0.0ms)


Started POST "/api/users" for ::1 at 2019-07-30 13:35:46 -0400

SyntaxError - syntax error, unexpected tINTEGER, expecting keyword_do or '{' or '('
...rrors.full_messages, status 422 #unprocessable entity
...                            ^~~:
  app/controllers/api/users_controller.rb:11:in `'

Started GET "/" for ::1 at 2019-07-30 13:36:39 -0400
Processing by StaticPagesController#root as HTML
  Rendering static_pages/root.html.erb within layouts/application
  Rendered static_pages/root.html.erb within layouts/application (0.4ms)
Completed 200 OK in 181ms (Views: 180.5ms | ActiveRecord: 0.0ms)


Started POST "/api/users" for ::1 at 2019-07-30 13:36:41 -0400
Processing by Api::UsersController#create as JSON
Completed 400 Bad Request in 34ms (ActiveRecord: 0.0ms)



ActionController::ParameterMissing - param is missing or the value is empty: user:
  app/controllers/api/users_controller.rb:18:in `user_params'
  app/controllers/api/users_controller.rb:4:in `create'

Started POST "/api/users" for ::1 at 2019-07-30 13:37:09 -0400
Processing by Api::UsersController#create as JSON
  Parameters: {"user"=>{"username"=>"billy", "password"=>"[FILTERED]"}}
  [1m[35m (0.3ms)[0m  [1m[35mBEGIN[0m
  ↳ app/controllers/api/users_controller.rb:7
  [1m[36mUser Exists (31.5ms)[0m  [1m[34mSELECT  1 AS one FROM "users" WHERE "users"."username" = $1 LIMIT $2[0m  [["username", "billy"], ["LIMIT", 1]]
  ↳ app/controllers/api/users_controller.rb:7
  [1m[36mUser Exists (0.6ms)[0m  [1m[34mSELECT  1 AS one FROM "users" WHERE "users"."session_token" = $1 LIMIT $2[0m  [["session_token", "YAilw6v5fLMJ-lneAeOhYg"], ["LIMIT", 1]]
  ↳ app/controllers/api/users_controller.rb:7
  [1m[35m (22.5ms)[0m  [1m[31mROLLBACK[0m
  ↳ app/controllers/api/users_controller.rb:7
Completed 422 Unprocessable Entity in 696ms (Views: 0.4ms | ActiveRecord: 120.4ms)


Started GET "/" for ::1 at 2019-07-30 13:41:24 -0400
Processing by StaticPagesController#root as HTML
  Rendering static_pages/root.html.erb within layouts/application
  Rendered static_pages/root.html.erb within layouts/application (0.4ms)
Completed 200 OK in 136ms (Views: 135.8ms | ActiveRecord: 0.0ms)


Started POST "/api/users" for ::1 at 2019-07-30 13:41:28 -0400
Processing by Api::UsersController#create as JSON
  Parameters: {"user"=>{"username"=>"billy", "password"=>"[FILTERED]"}}
Started POST "/api/users" for ::1 at 2019-07-30 14:07:41 -0400
  [1m[35m (62.8ms)[0m  [1m[35mBEGIN[0m
Started POST "/api/users" for ::1 at 2019-07-30 14:07:41 -0400
  ↳ app/controllers/api/users_controller.rb:7
  [1m[36mUser Exists (45.6ms)[0m  [1m[34mSELECT  1 AS one FROM "users" WHERE "users"."username" = $1 LIMIT $2[0m  [["username", "billy"], ["LIMIT", 1]]
  ↳ app/controllers/api/users_controller.rb:7
  [1m[36mUser Exists (0.8ms)[0m  [1m[34mSELECT  1 AS one FROM "users" WHERE "users"."session_token" = $1 LIMIT $2[0m  [["session_token", "1RnZFvAXkAfriBgEIbeVsg"], ["LIMIT", 1]]
  ↳ app/controllers/api/users_controller.rb:7
  [1m[35m (0.4ms)[0m  [1m[31mROLLBACK[0m
  ↳ app/controllers/api/users_controller.rb:7
Completed 422 Unprocessable Entity in 804359ms (Views: 2.7ms | ActiveRecord: 118.2ms)


Processing by Api::UsersController#create as JSON
  Parameters: {"user"=>{"username"=>"billy", "password"=>"[FILTERED]", "email"=>"bb@bbmail.com"}}
Processing by Api::UsersController#create as JSON
  Parameters: {"user"=>{"user"=>{"username"=>"billy", "password"=>"[FILTERED]", "email"=>"bb@bbmail.com"}}}
Unpermitted parameter: :user
  [1m[35m (0.4ms)[0m  [1m[35mBEGIN[0m
  ↳ app/controllers/api/users_controller.rb:7
  [1m[35m (21.7ms)[0m  [1m[35mBEGIN[0m
  ↳ app/controllers/api/users_controller.rb:7
  [1m[36mUser Exists (7.9ms)[0m  [1m[34mSELECT  1 AS one FROM "users" WHERE "users"."username" IS NULL LIMIT $1[0m  [["LIMIT", 1]]
  ↳ app/controllers/api/users_controller.rb:7
  [1m[36mUser Exists (4.8ms)[0m  [1m[34mSELECT  1 AS one FROM "users" WHERE "users"."username" = $1 LIMIT $2[0m  [["username", "billy"], ["LIMIT", 1]]
  ↳ app/controllers/api/users_controller.rb:7
  [1m[36mUser Exists (10.6ms)[0m  [1m[34mSELECT  1 AS one FROM "users" WHERE "users"."session_token" = $1 LIMIT $2[0m  [["session_token", "mHllqR9KXIfJfvvFBTXUSw"], ["LIMIT", 1]]
  ↳ app/controllers/api/users_controller.rb:7
  [1m[36mUser Exists (41.3ms)[0m  [1m[34mSELECT  1 AS one FROM "users" WHERE "users"."session_token" = $1 LIMIT $2[0m  [["session_token", "tJo7L3coP3N1o9YPDZrDjQ"], ["LIMIT", 1]]
  [1m[35m (1.7ms)[0m  [1m[31mROLLBACK[0m
  ↳ app/controllers/api/users_controller.rb:7
Completed 422 Unprocessable Entity in 1465ms (Views: 0.3ms | ActiveRecord: 20.7ms)


  ↳ app/controllers/api/users_controller.rb:7
  [1m[36mUser Create (536.7ms)[0m  [1m[32mINSERT INTO "users" ("username", "email", "password_digest", "session_token", "created_at", "updated_at") VALUES ($1, $2, $3, $4, $5, $6) RETURNING "id"[0m  [["username", "billy"], ["email", "bb@bbmail.com"], ["password_digest", "$2a$12$QOJFazH6iji0N7OGWEnooewILuGlAZVNcBk2C8reWg5RSSZ/S3sUq"], ["session_token", "tJo7L3coP3N1o9YPDZrDjQ"], ["created_at", "2019-07-30 18:07:43.017441"], ["updated_at", "2019-07-30 18:07:43.017441"]]
  ↳ app/controllers/api/users_controller.rb:7
  [1m[35m (29.8ms)[0m  [1m[35mCOMMIT[0m
  ↳ app/controllers/api/users_controller.rb:7
  [1m[35m (0.3ms)[0m  [1m[35mBEGIN[0m
  ↳ app/models/user.rb:33
  [1m[36mUser Exists (22.8ms)[0m  [1m[34mSELECT  1 AS one FROM "users" WHERE "users"."username" = $1 AND "users"."id" != $2 LIMIT $3[0m  [["username", "billy"], ["id", 1], ["LIMIT", 1]]
  ↳ app/models/user.rb:33
  [1m[36mUser Exists (0.8ms)[0m  [1m[34mSELECT  1 AS one FROM "users" WHERE "users"."session_token" = $1 AND "users"."id" != $2 LIMIT $3[0m  [["session_token", "8vxmrEaR73Ujj8iZhRJK2g"], ["id", 1], ["LIMIT", 1]]
  ↳ app/models/user.rb:33
  [1m[36mUser Update (41.4ms)[0m  [1m[33mUPDATE "users" SET "session_token" = $1, "updated_at" = $2 WHERE "users"."id" = $3[0m  [["session_token", "8vxmrEaR73Ujj8iZhRJK2g"], ["updated_at", "2019-07-30 18:07:44.571258"], ["id", 1]]
  ↳ app/models/user.rb:33
  [1m[35m (0.9ms)[0m  [1m[35mCOMMIT[0m
  ↳ app/models/user.rb:33
  Rendering api/users/show.json.jbuilder
  Rendered api/users/show.json.jbuilder (5.5ms)
Completed 500 Internal Server Error in 3111ms (ActiveRecord: 700.4ms)



SyntaxError - syntax error, unexpected tIDENTIFIER, expecting keyword_end
....partial! 'api/users/user' user: @user
...                           ^~~~:
  app/views/api/users/show.json.jbuilder:1:in `'
  app/controllers/api/users_controller.rb:10:in `create'

Started POST "/api/users" for ::1 at 2019-07-30 14:07:53 -0400
Processing by Api::UsersController#create as JSON
  Parameters: {"user"=>{"username"=>"billy", "password"=>"[FILTERED]", "email"=>"bb@bbmail.com"}}
  [1m[35m (0.5ms)[0m  [1m[35mBEGIN[0m
  ↳ app/controllers/api/users_controller.rb:7
  [1m[36mUser Exists (0.8ms)[0m  [1m[34mSELECT  1 AS one FROM "users" WHERE "users"."username" = $1 LIMIT $2[0m  [["username", "billy"], ["LIMIT", 1]]
  ↳ app/controllers/api/users_controller.rb:7
  [1m[36mUser Exists (0.5ms)[0m  [1m[34mSELECT  1 AS one FROM "users" WHERE "users"."session_token" = $1 LIMIT $2[0m  [["session_token", "x52WJVrCfZydXuq5SKsxXg"], ["LIMIT", 1]]
  ↳ app/controllers/api/users_controller.rb:7
  [1m[35m (0.3ms)[0m  [1m[31mROLLBACK[0m
  ↳ app/controllers/api/users_controller.rb:7
Completed 422 Unprocessable Entity in 20291ms (Views: 1.1ms | ActiveRecord: 2.1ms)


  [1m[36mUser Load (16.9ms)[0m  [1m[34mSELECT "users".* FROM "users"[0m
  [1m[36mUser Load (1.2ms)[0m  [1m[34mSELECT  "users".* FROM "users" ORDER BY "users"."id" ASC LIMIT $1[0m  [["LIMIT", 1]]
  [1m[35m (0.3ms)[0m  [1m[35mBEGIN[0m
  [1m[36mUser Exists (1.6ms)[0m  [1m[34mSELECT  1 AS one FROM "users" WHERE "users"."username" = $1 LIMIT $2[0m  [["username", "sally"], ["LIMIT", 1]]
  [1m[36mUser Exists (1.0ms)[0m  [1m[34mSELECT  1 AS one FROM "users" WHERE "users"."session_token" = $1 LIMIT $2[0m  [["session_token", "OQQS59aa3Jg5Bpyhaymd1A"], ["LIMIT", 1]]
  [1m[36mUser Create (0.8ms)[0m  [1m[32mINSERT INTO "users" ("username", "email", "password_digest", "session_token", "created_at", "updated_at") VALUES ($1, $2, $3, $4, $5, $6) RETURNING "id"[0m  [["username", "sally"], ["email", "email"], ["password_digest", "$2a$12$Izvbl9O/.FhJ.kqL4zqT/eV2rR.Xi/4B5grgNzg6bVYJVYL5l/fDi"], ["session_token", "OQQS59aa3Jg5Bpyhaymd1A"], ["created_at", "2019-07-30 18:11:49.961290"], ["updated_at", "2019-07-30 18:11:49.961290"]]
  [1m[35m (0.6ms)[0m  [1m[35mCOMMIT[0m
Started POST "/api/users" for ::1 at 2019-07-30 14:12:20 -0400
Processing by Api::UsersController#create as JSON
  Parameters: {"user"=>{"username"=>"billy2", "password"=>"[FILTERED]", "email"=>"bb@bbmail.com"}}
  [1m[35m (0.4ms)[0m  [1m[35mBEGIN[0m
  ↳ (byebug):1
  [1m[36mUser Exists (0.7ms)[0m  [1m[34mSELECT  1 AS one FROM "users" WHERE "users"."username" = $1 LIMIT $2[0m  [["username", "billy2"], ["LIMIT", 1]]
  ↳ (byebug):1
  [1m[36mUser Exists (0.6ms)[0m  [1m[34mSELECT  1 AS one FROM "users" WHERE "users"."session_token" = $1 LIMIT $2[0m  [["session_token", "OsIZSWazWYqZtGiErsgMWA"], ["LIMIT", 1]]
  ↳ (byebug):1
  [1m[36mUser Create (0.5ms)[0m  [1m[32mINSERT INTO "users" ("username", "email", "password_digest", "session_token", "created_at", "updated_at") VALUES ($1, $2, $3, $4, $5, $6) RETURNING "id"[0m  [["username", "billy2"], ["email", "bb@bbmail.com"], ["password_digest", "$2a$12$sp2zaZ0PJp6XhAqpaBV9E.3nzhTP7V3MkI2kBiP4o6fYyLnwzOjyi"], ["session_token", "OsIZSWazWYqZtGiErsgMWA"], ["created_at", "2019-07-30 18:12:27.832841"], ["updated_at", "2019-07-30 18:12:27.832841"]]
  ↳ (byebug):1
  [1m[35m (0.6ms)[0m  [1m[35mCOMMIT[0m
  ↳ (byebug):1
  [1m[35m (0.4ms)[0m  [1m[35mBEGIN[0m
  ↳ app/controllers/api/users_controller.rb:7
  [1m[36mUser Exists (0.7ms)[0m  [1m[34mSELECT  1 AS one FROM "users" WHERE "users"."username" = $1 AND "users"."id" != $2 LIMIT $3[0m  [["username", "billy2"], ["id", 3], ["LIMIT", 1]]
  ↳ app/controllers/api/users_controller.rb:7
  [1m[36mUser Exists (0.5ms)[0m  [1m[34mSELECT  1 AS one FROM "users" WHERE "users"."session_token" = $1 AND "users"."id" != $2 LIMIT $3[0m  [["session_token", "OsIZSWazWYqZtGiErsgMWA"], ["id", 3], ["LIMIT", 1]]
  ↳ app/controllers/api/users_controller.rb:7
  [1m[35m (0.3ms)[0m  [1m[35mCOMMIT[0m
  ↳ app/controllers/api/users_controller.rb:7
  [1m[35m (17.6ms)[0m  [1m[35mBEGIN[0m
  ↳ app/models/user.rb:33
  [1m[36mCACHE User Exists (0.1ms)[0m  [1m[34mSELECT  1 AS one FROM "users" WHERE "users"."username" = $1 AND "users"."id" != $2 LIMIT $3[0m  [["username", "billy2"], ["id", 3], ["LIMIT", 1]]
  ↳ app/models/user.rb:33
  [1m[36mUser Exists (0.7ms)[0m  [1m[34mSELECT  1 AS one FROM "users" WHERE "users"."session_token" = $1 AND "users"."id" != $2 LIMIT $3[0m  [["session_token", "mFuvgAh8KDg4QLeGsmd9vw"], ["id", 3], ["LIMIT", 1]]
  ↳ app/models/user.rb:33
  [1m[36mUser Update (1.3ms)[0m  [1m[33mUPDATE "users" SET "session_token" = $1, "updated_at" = $2 WHERE "users"."id" = $3[0m  [["session_token", "mFuvgAh8KDg4QLeGsmd9vw"], ["updated_at", "2019-07-30 18:12:44.167782"], ["id", 3]]
  ↳ app/models/user.rb:33
  [1m[35m (1.4ms)[0m  [1m[35mCOMMIT[0m
  ↳ app/models/user.rb:33
  [1m[35m (0.3ms)[0m  [1m[35mBEGIN[0m
  ↳ app/models/user.rb:33
  [1m[36mUser Exists (59.0ms)[0m  [1m[34mSELECT  1 AS one FROM "users" WHERE "users"."username" = $1 AND "users"."id" != $2 LIMIT $3[0m  [["username", "billy2"], ["id", 3], ["LIMIT", 1]]
  ↳ app/models/user.rb:33
  [1m[36mUser Exists (0.6ms)[0m  [1m[34mSELECT  1 AS one FROM "users" WHERE "users"."session_token" = $1 AND "users"."id" != $2 LIMIT $3[0m  [["session_token", "cxy7vAbH1Sm-lFRcJLgrUQ"], ["id", 3], ["LIMIT", 1]]
  ↳ app/models/user.rb:33
  [1m[36mUser Update (0.7ms)[0m  [1m[33mUPDATE "users" SET "session_token" = $1, "updated_at" = $2 WHERE "users"."id" = $3[0m  [["session_token", "cxy7vAbH1Sm-lFRcJLgrUQ"], ["updated_at", "2019-07-30 18:12:47.799471"], ["id", 3]]
  ↳ app/models/user.rb:33
  [1m[35m (0.6ms)[0m  [1m[35mCOMMIT[0m
  ↳ app/models/user.rb:33
  Rendering api/users/show.json.jbuilder
  Rendered api/users/show.json.jbuilder (15.1ms)
Completed 500 Internal Server Error in 27695ms (ActiveRecord: 86.8ms)



SyntaxError - syntax error, unexpected tIDENTIFIER, expecting keyword_end
....partial! 'api/users/user' user: @user
...                           ^~~~:
  app/views/api/users/show.json.jbuilder:1:in `'
  app/controllers/api/users_controller.rb:10:in `create'

Started GET "/" for ::1 at 2019-07-30 14:13:36 -0400
Processing by StaticPagesController#root as HTML
  Rendering static_pages/root.html.erb within layouts/application
  Rendered static_pages/root.html.erb within layouts/application (1.2ms)
Completed 200 OK in 233ms (Views: 232.6ms | ActiveRecord: 0.0ms)


Started POST "/api/users" for ::1 at 2019-07-30 14:13:52 -0400
Processing by Api::UsersController#create as JSON
  Parameters: {"user"=>{"username"=>"billy3", "password"=>"[FILTERED]", "email"=>"bb@bbmail.com"}}
  [1m[35m (0.3ms)[0m  [1m[35mBEGIN[0m
  ↳ app/controllers/api/users_controller.rb:7
  [1m[36mUser Exists (1.5ms)[0m  [1m[34mSELECT  1 AS one FROM "users" WHERE "users"."username" = $1 LIMIT $2[0m  [["username", "billy3"], ["LIMIT", 1]]
  ↳ app/controllers/api/users_controller.rb:7
  [1m[36mUser Exists (0.7ms)[0m  [1m[34mSELECT  1 AS one FROM "users" WHERE "users"."session_token" = $1 LIMIT $2[0m  [["session_token", "nB9BZwfeug22IDMSau475A"], ["LIMIT", 1]]
  ↳ app/controllers/api/users_controller.rb:7
  [1m[36mUser Create (1.0ms)[0m  [1m[32mINSERT INTO "users" ("username", "email", "password_digest", "session_token", "created_at", "updated_at") VALUES ($1, $2, $3, $4, $5, $6) RETURNING "id"[0m  [["username", "billy3"], ["email", "bb@bbmail.com"], ["password_digest", "$2a$12$fYYARUKah/VWumz233bmy.cJFQX5zvmp1VD4.V4sEcD.V19JiwVZe"], ["session_token", "nB9BZwfeug22IDMSau475A"], ["created_at", "2019-07-30 18:13:55.894644"], ["updated_at", "2019-07-30 18:13:55.894644"]]
  ↳ app/controllers/api/users_controller.rb:7
  [1m[35m (0.6ms)[0m  [1m[35mCOMMIT[0m
  ↳ app/controllers/api/users_controller.rb:7
  [1m[35m (0.2ms)[0m  [1m[35mBEGIN[0m
  ↳ app/models/user.rb:33
  [1m[36mUser Exists (0.8ms)[0m  [1m[34mSELECT  1 AS one FROM "users" WHERE "users"."username" = $1 AND "users"."id" != $2 LIMIT $3[0m  [["username", "billy3"], ["id", 4], ["LIMIT", 1]]
  ↳ app/models/user.rb:33
  [1m[36mUser Exists (0.6ms)[0m  [1m[34mSELECT  1 AS one FROM "users" WHERE "users"."session_token" = $1 AND "users"."id" != $2 LIMIT $3[0m  [["session_token", "IlSZq0UhzWOU6t1O87kmLw"], ["id", 4], ["LIMIT", 1]]
  ↳ app/models/user.rb:33
  [1m[36mUser Update (1.0ms)[0m  [1m[33mUPDATE "users" SET "session_token" = $1, "updated_at" = $2 WHERE "users"."id" = $3[0m  [["session_token", "IlSZq0UhzWOU6t1O87kmLw"], ["updated_at", "2019-07-30 18:13:56.672337"], ["id", 4]]
  ↳ app/models/user.rb:33
  [1m[35m (0.9ms)[0m  [1m[35mCOMMIT[0m
  ↳ app/models/user.rb:33
  Rendering api/users/show.json.jbuilder
  Rendered api/users/_user.json.jbuilder (0.6ms)
  Rendered api/users/show.json.jbuilder (32.2ms)
Completed 200 OK in 4451ms (Views: 52.8ms | ActiveRecord: 7.4ms)


Started POST "/api/users" for ::1 at 2019-07-30 14:15:01 -0400
Processing by Api::UsersController#create as JSON
  Parameters: {"user"=>{"user"=>{"username"=>"billy", "password"=>"[FILTERED]", "email"=>"bb@bbmail.com"}}}
Unpermitted parameter: :user
  [1m[35m (0.4ms)[0m  [1m[35mBEGIN[0m
  ↳ app/controllers/api/users_controller.rb:7
  [1m[36mUser Exists (0.7ms)[0m  [1m[34mSELECT  1 AS one FROM "users" WHERE "users"."username" IS NULL LIMIT $1[0m  [["LIMIT", 1]]
  ↳ app/controllers/api/users_controller.rb:7
  [1m[36mUser Exists (0.6ms)[0m  [1m[34mSELECT  1 AS one FROM "users" WHERE "users"."session_token" = $1 LIMIT $2[0m  [["session_token", "ciKBEd6a9-y5EbcXzL2T2Q"], ["LIMIT", 1]]
  ↳ app/controllers/api/users_controller.rb:7
  [1m[35m (0.3ms)[0m  [1m[31mROLLBACK[0m
  ↳ app/controllers/api/users_controller.rb:7
Completed 422 Unprocessable Entity in 2963ms (Views: 0.2ms | ActiveRecord: 2.0ms)


Started POST "/api/users" for ::1 at 2019-07-30 14:15:21 -0400
Processing by Api::UsersController#create as JSON
  Parameters: {"user"=>{"user"=>{"username"=>"billy", "password"=>"[FILTERED]", "email"=>"bb@bbmail.com"}}}
Unpermitted parameter: :user
  [1m[35m (0.4ms)[0m  [1m[35mBEGIN[0m
  ↳ app/controllers/api/users_controller.rb:7
  [1m[36mUser Exists (0.6ms)[0m  [1m[34mSELECT  1 AS one FROM "users" WHERE "users"."username" IS NULL LIMIT $1[0m  [["LIMIT", 1]]
  ↳ app/controllers/api/users_controller.rb:7
  [1m[36mUser Exists (0.5ms)[0m  [1m[34mSELECT  1 AS one FROM "users" WHERE "users"."session_token" = $1 LIMIT $2[0m  [["session_token", "iZJ9gY64KivIdjDkLWT2Tw"], ["LIMIT", 1]]
  ↳ app/controllers/api/users_controller.rb:7
  [1m[35m (0.4ms)[0m  [1m[31mROLLBACK[0m
  ↳ app/controllers/api/users_controller.rb:7
Completed 422 Unprocessable Entity in 2020ms (Views: 0.2ms | ActiveRecord: 1.9ms)


Started POST "/api/users" for ::1 at 2019-07-30 14:15:36 -0400
Processing by Api::UsersController#create as JSON
  Parameters: {"user"=>{"user"=>{"username"=>"billy", "password"=>"[FILTERED]", "email"=>"bb@bbmail.com"}}}
Unpermitted parameter: :user
  [1m[35m (0.4ms)[0m  [1m[35mBEGIN[0m
  ↳ app/controllers/api/users_controller.rb:7
  [1m[36mUser Exists (0.6ms)[0m  [1m[34mSELECT  1 AS one FROM "users" WHERE "users"."username" IS NULL LIMIT $1[0m  [["LIMIT", 1]]
  ↳ app/controllers/api/users_controller.rb:7
  [1m[36mUser Exists (0.5ms)[0m  [1m[34mSELECT  1 AS one FROM "users" WHERE "users"."session_token" = $1 LIMIT $2[0m  [["session_token", "3hDNEmx_bl5Qmu5nOyXzSA"], ["LIMIT", 1]]
  ↳ app/controllers/api/users_controller.rb:7
  [1m[35m (0.3ms)[0m  [1m[31mROLLBACK[0m
  ↳ app/controllers/api/users_controller.rb:7
Completed 422 Unprocessable Entity in 26716ms (Views: 0.2ms | ActiveRecord: 1.8ms)


Started POST "/api/users" for ::1 at 2019-07-30 14:17:03 -0400
Processing by Api::UsersController#create as JSON
  Parameters: {"user"=>{"user"=>{"username"=>"billy", "password"=>"[FILTERED]", "email"=>"bb@bbmail.com"}}}
Unpermitted parameter: :user
  [1m[35m (3.4ms)[0m  [1m[35mBEGIN[0m
Started POST "/api/users" for ::1 at 2019-07-30 14:19:22 -0400
  ↳ app/controllers/api/users_controller.rb:7
  [1m[36mUser Exists (4.0ms)[0m  [1m[34mSELECT  1 AS one FROM "users" WHERE "users"."username" IS NULL LIMIT $1[0m  [["LIMIT", 1]]
  ↳ app/controllers/api/users_controller.rb:7
  [1m[36mUser Exists (0.9ms)[0m  [1m[34mSELECT  1 AS one FROM "users" WHERE "users"."session_token" = $1 LIMIT $2[0m  [["session_token", "49oHot_tKqIKVQ8Jbcb_EQ"], ["LIMIT", 1]]
  ↳ app/controllers/api/users_controller.rb:7
  [1m[35m (0.3ms)[0m  [1m[31mROLLBACK[0m
  ↳ app/controllers/api/users_controller.rb:7
Completed 422 Unprocessable Entity in 139200ms (Views: 0.7ms | ActiveRecord: 8.6ms)


Processing by Api::UsersController#create as JSON
  Parameters: {"user"=>{"username"=>"bb5", "password"=>"[FILTERED]", "email"=>"hotstuff"}}
  [1m[35m (0.3ms)[0m  [1m[35mBEGIN[0m
  ↳ app/controllers/api/users_controller.rb:7
  [1m[36mUser Exists (5.2ms)[0m  [1m[34mSELECT  1 AS one FROM "users" WHERE "users"."username" = $1 LIMIT $2[0m  [["username", "bb5"], ["LIMIT", 1]]
  ↳ app/controllers/api/users_controller.rb:7
  [1m[36mUser Exists (0.7ms)[0m  [1m[34mSELECT  1 AS one FROM "users" WHERE "users"."session_token" = $1 LIMIT $2[0m  [["session_token", "0J6BSIMAil7tn-OuSHAZlQ"], ["LIMIT", 1]]
  ↳ app/controllers/api/users_controller.rb:7
  [1m[36mUser Create (16.9ms)[0m  [1m[32mINSERT INTO "users" ("username", "email", "password_digest", "session_token", "created_at", "updated_at") VALUES ($1, $2, $3, $4, $5, $6) RETURNING "id"[0m  [["username", "bb5"], ["email", "hotstuff"], ["password_digest", "$2a$12$L49t2aOeFgiJHqgQUNSPg.j/G34jVubqNqRrLM9IP9ynwDObVsr1C"], ["session_token", "0J6BSIMAil7tn-OuSHAZlQ"], ["created_at", "2019-07-30 18:19:32.895754"], ["updated_at", "2019-07-30 18:19:32.895754"]]
  ↳ app/controllers/api/users_controller.rb:7
  [1m[35m (23.0ms)[0m  [1m[35mCOMMIT[0m
  ↳ app/controllers/api/users_controller.rb:7
  [1m[35m (0.4ms)[0m  [1m[35mBEGIN[0m
  ↳ app/models/user.rb:33
  [1m[36mUser Exists (0.8ms)[0m  [1m[34mSELECT  1 AS one FROM "users" WHERE "users"."username" = $1 AND "users"."id" != $2 LIMIT $3[0m  [["username", "bb5"], ["id", 5], ["LIMIT", 1]]
  ↳ app/models/user.rb:33
  [1m[36mUser Exists (0.7ms)[0m  [1m[34mSELECT  1 AS one FROM "users" WHERE "users"."session_token" = $1 AND "users"."id" != $2 LIMIT $3[0m  [["session_token", "wk-lEBI94t-_uYAubSdyEw"], ["id", 5], ["LIMIT", 1]]
  ↳ app/models/user.rb:33
  [1m[36mUser Update (0.7ms)[0m  [1m[33mUPDATE "users" SET "session_token" = $1, "updated_at" = $2 WHERE "users"."id" = $3[0m  [["session_token", "wk-lEBI94t-_uYAubSdyEw"], ["updated_at", "2019-07-30 18:19:35.929112"], ["id", 5]]
  ↳ app/models/user.rb:33
  [1m[35m (0.5ms)[0m  [1m[35mCOMMIT[0m
  ↳ app/models/user.rb:33
  Rendering api/users/show.json.jbuilder
  Rendered api/users/_user.json.jbuilder (1.0ms)
  Rendered api/users/show.json.jbuilder (21.2ms)
Completed 200 OK in 13573ms (Views: 59.9ms | ActiveRecord: 49.3ms)


Started POST "/api/session" for ::1 at 2019-07-30 14:19:48 -0400

NameError - uninitialized constant Api::SessionsController:

Started GET "/" for ::1 at 2019-07-30 14:20:39 -0400
Processing by StaticPagesController#root as HTML
  Rendering static_pages/root.html.erb within layouts/application
  Rendered static_pages/root.html.erb within layouts/application (0.7ms)
Completed 200 OK in 190ms (Views: 189.8ms | ActiveRecord: 0.0ms)


Started POST "/api/users" for ::1 at 2019-07-30 14:20:46 -0400
Processing by Api::UsersController#create as JSON
  Parameters: {"user"=>{"username"=>"bb5", "password"=>"[FILTERED]", "email"=>"hotstuff"}}
  [1m[35m (0.3ms)[0m  [1m[35mBEGIN[0m
  ↳ app/controllers/api/users_controller.rb:7
  [1m[36mUser Exists (0.8ms)[0m  [1m[34mSELECT  1 AS one FROM "users" WHERE "users"."username" = $1 LIMIT $2[0m  [["username", "bb5"], ["LIMIT", 1]]
  ↳ app/controllers/api/users_controller.rb:7
  [1m[36mUser Exists (0.7ms)[0m  [1m[34mSELECT  1 AS one FROM "users" WHERE "users"."session_token" = $1 LIMIT $2[0m  [["session_token", "QYLWKb7fzGoPkNeBdfZiyg"], ["LIMIT", 1]]
  ↳ app/controllers/api/users_controller.rb:7
  [1m[35m (0.7ms)[0m  [1m[31mROLLBACK[0m
  ↳ app/controllers/api/users_controller.rb:7
Completed 422 Unprocessable Entity in 2011ms (Views: 0.5ms | ActiveRecord: 19.0ms)


Started POST "/api/session" for ::1 at 2019-07-30 14:21:01 -0400

SyntaxError - syntax error, unexpected end-of-input, expecting keyword_end:
  app/controllers/api/sessions_controller.rb:20:in `'

Started GET "/" for ::1 at 2019-07-30 14:21:16 -0400
Processing by StaticPagesController#root as HTML
  Rendering static_pages/root.html.erb within layouts/application
  Rendered static_pages/root.html.erb within layouts/application (0.5ms)
Completed 200 OK in 103ms (Views: 102.8ms | ActiveRecord: 0.0ms)


Started POST "/api/users" for ::1 at 2019-07-30 14:21:46 -0400
Processing by Api::UsersController#create as JSON
  Parameters: {"user"=>{"username"=>"bb6", "password"=>"[FILTERED]", "email"=>"hotstuff"}}
  [1m[35m (5.5ms)[0m  [1m[35mBEGIN[0m
  ↳ app/controllers/api/users_controller.rb:7
  [1m[36mUser Exists (0.8ms)[0m  [1m[34mSELECT  1 AS one FROM "users" WHERE "users"."username" = $1 LIMIT $2[0m  [["username", "bb6"], ["LIMIT", 1]]
  ↳ app/controllers/api/users_controller.rb:7
  [1m[36mUser Exists (0.8ms)[0m  [1m[34mSELECT  1 AS one FROM "users" WHERE "users"."session_token" = $1 LIMIT $2[0m  [["session_token", "ySRRr0AshgD4wuFmvukvxg"], ["LIMIT", 1]]
  ↳ app/controllers/api/users_controller.rb:7
  [1m[36mUser Create (0.7ms)[0m  [1m[32mINSERT INTO "users" ("username", "email", "password_digest", "session_token", "created_at", "updated_at") VALUES ($1, $2, $3, $4, $5, $6) RETURNING "id"[0m  [["username", "bb6"], ["email", "hotstuff"], ["password_digest", "$2a$12$5wcJYQSeQQRV22Sb6mZbxOiVjRgxUyPZY/xZxPvt54X8bb250X0Dy"], ["session_token", "ySRRr0AshgD4wuFmvukvxg"], ["created_at", "2019-07-30 18:22:18.077167"], ["updated_at", "2019-07-30 18:22:18.077167"]]
  ↳ app/controllers/api/users_controller.rb:7
  [1m[35m (24.9ms)[0m  [1m[35mCOMMIT[0m
  ↳ app/controllers/api/users_controller.rb:7
  [1m[35m (0.4ms)[0m  [1m[35mBEGIN[0m
  ↳ app/models/user.rb:33
  [1m[36mUser Exists (0.8ms)[0m  [1m[34mSELECT  1 AS one FROM "users" WHERE "users"."username" = $1 AND "users"."id" != $2 LIMIT $3[0m  [["username", "bb6"], ["id", 6], ["LIMIT", 1]]
  ↳ app/models/user.rb:33
  [1m[36mUser Exists (0.7ms)[0m  [1m[34mSELECT  1 AS one FROM "users" WHERE "users"."session_token" = $1 AND "users"."id" != $2 LIMIT $3[0m  [["session_token", "ilMBQ6PGawACLR5dr0ASEQ"], ["id", 6], ["LIMIT", 1]]
  ↳ app/models/user.rb:33
  [1m[36mUser Update (0.8ms)[0m  [1m[33mUPDATE "users" SET "session_token" = $1, "updated_at" = $2 WHERE "users"."id" = $3[0m  [["session_token", "ilMBQ6PGawACLR5dr0ASEQ"], ["updated_at", "2019-07-30 18:22:18.976543"], ["id", 6]]
  ↳ app/models/user.rb:33
  [1m[35m (0.6ms)[0m  [1m[35mCOMMIT[0m
  ↳ app/models/user.rb:33
  Rendering api/users/show.json.jbuilder
  Rendered api/users/_user.json.jbuilder (0.5ms)
  Rendered api/users/show.json.jbuilder (11.0ms)
Completed 200 OK in 32554ms (Views: 32.2ms | ActiveRecord: 43.0ms)


Started POST "/api/session" for ::1 at 2019-07-30 14:22:27 -0400
Processing by Api::SessionsController#create as JSON
  Parameters: {"user"=>{"username"=>"bb6", "password"=>"[FILTERED]", "email"=>"hotstuff"}}
Completed 500 Internal Server Error in 34ms (ActiveRecord: 0.0ms)



ArgumentError - wrong number of arguments (given 1, expected 2):
  app/models/user.rb:11:in `find_by_credentials'
  app/controllers/api/sessions_controller.rb:3:in `create'

Started GET "/" for ::1 at 2019-07-30 14:23:24 -0400
Processing by StaticPagesController#root as HTML
  Rendering static_pages/root.html.erb within layouts/application
  Rendered static_pages/root.html.erb within layouts/application (1.3ms)
Completed 200 OK in 215ms (Views: 214.6ms | ActiveRecord: 0.0ms)


Started POST "/api/users" for ::1 at 2019-07-30 14:23:43 -0400
Processing by Api::UsersController#create as JSON
  Parameters: {"user"=>{"username"=>"bb7", "password"=>"[FILTERED]", "email"=>"hotstuff"}}
  [1m[35m (0.3ms)[0m  [1m[35mBEGIN[0m
  ↳ app/controllers/api/users_controller.rb:7
  [1m[36mUser Exists (0.8ms)[0m  [1m[34mSELECT  1 AS one FROM "users" WHERE "users"."username" = $1 LIMIT $2[0m  [["username", "bb7"], ["LIMIT", 1]]
  ↳ app/controllers/api/users_controller.rb:7
  [1m[36mUser Exists (0.6ms)[0m  [1m[34mSELECT  1 AS one FROM "users" WHERE "users"."session_token" = $1 LIMIT $2[0m  [["session_token", "3yIyFPyr5iCAtVzwbniKNQ"], ["LIMIT", 1]]
  ↳ app/controllers/api/users_controller.rb:7
  [1m[36mUser Create (0.6ms)[0m  [1m[32mINSERT INTO "users" ("username", "email", "password_digest", "session_token", "created_at", "updated_at") VALUES ($1, $2, $3, $4, $5, $6) RETURNING "id"[0m  [["username", "bb7"], ["email", "hotstuff"], ["password_digest", "$2a$12$jhFFfooA5FsYdW.9HNV6Fuw4z7TPr1m4xJyazz2cndaKhJ5UIOmS."], ["session_token", "3yIyFPyr5iCAtVzwbniKNQ"], ["created_at", "2019-07-30 18:23:43.623832"], ["updated_at", "2019-07-30 18:23:43.623832"]]
  ↳ app/controllers/api/users_controller.rb:7
  [1m[35m (60.7ms)[0m  [1m[35mCOMMIT[0m
  ↳ app/controllers/api/users_controller.rb:7
  [1m[35m (0.3ms)[0m  [1m[35mBEGIN[0m
  ↳ app/models/user.rb:34
  [1m[36mUser Exists (0.7ms)[0m  [1m[34mSELECT  1 AS one FROM "users" WHERE "users"."username" = $1 AND "users"."id" != $2 LIMIT $3[0m  [["username", "bb7"], ["id", 7], ["LIMIT", 1]]
  ↳ app/models/user.rb:34
  [1m[36mUser Exists (0.6ms)[0m  [1m[34mSELECT  1 AS one FROM "users" WHERE "users"."session_token" = $1 AND "users"."id" != $2 LIMIT $3[0m  [["session_token", "Kexyap1XCO8cHaHMFHq_qQ"], ["id", 7], ["LIMIT", 1]]
  ↳ app/models/user.rb:34
  [1m[36mUser Update (0.8ms)[0m  [1m[33mUPDATE "users" SET "session_token" = $1, "updated_at" = $2 WHERE "users"."id" = $3[0m  [["session_token", "Kexyap1XCO8cHaHMFHq_qQ"], ["updated_at", "2019-07-30 18:23:43.693134"], ["id", 7]]
  ↳ app/models/user.rb:34
  [1m[35m (0.5ms)[0m  [1m[35mCOMMIT[0m
  ↳ app/models/user.rb:34
  Rendering api/users/show.json.jbuilder
  Rendered api/users/_user.json.jbuilder (0.5ms)
  Rendered api/users/show.json.jbuilder (12.4ms)
Completed 200 OK in 451ms (Views: 42.2ms | ActiveRecord: 77.7ms)


Started DELETE "/api/session" for ::1 at 2019-07-30 14:23:52 -0400
Processing by Api::SessionsController#destroy as JSON
  [1m[36mUser Load (0.7ms)[0m  [1m[34mSELECT  "users".* FROM "users" WHERE "users"."session_token" = $1 LIMIT $2[0m  [["session_token", "Kexyap1XCO8cHaHMFHq_qQ"], ["LIMIT", 1]]
  ↳ app/controllers/application_controller.rb:6
Completed 500 Internal Server Error in 55ms (ActiveRecord: 1.1ms)



NoMethodError - undefined method `log_out!' for #<User:0x00007f9586849bd0>:
  app/controllers/api/sessions_controller.rb:15:in `destroy'

  [1m[36mUser Load (1.1ms)[0m  [1m[34mSELECT "users".* FROM "users"[0m
Started GET "/" for ::1 at 2019-07-30 14:24:44 -0400
Processing by StaticPagesController#root as HTML
  Rendering static_pages/root.html.erb within layouts/application
  Rendered static_pages/root.html.erb within layouts/application (0.9ms)
Completed 200 OK in 211ms (Views: 210.9ms | ActiveRecord: 0.0ms)


Started POST "/api/users" for ::1 at 2019-07-30 14:25:00 -0400
Processing by Api::UsersController#create as JSON
  Parameters: {"user"=>{"username"=>"bb7", "password"=>"[FILTERED]", "email"=>"hotstuff"}}
  [1m[35m (0.3ms)[0m  [1m[35mBEGIN[0m
  ↳ app/controllers/api/users_controller.rb:7
  [1m[36mUser Exists (0.6ms)[0m  [1m[34mSELECT  1 AS one FROM "users" WHERE "users"."username" = $1 LIMIT $2[0m  [["username", "bb7"], ["LIMIT", 1]]
  ↳ app/controllers/api/users_controller.rb:7
  [1m[36mUser Exists (0.5ms)[0m  [1m[34mSELECT  1 AS one FROM "users" WHERE "users"."session_token" = $1 LIMIT $2[0m  [["session_token", "NiWMJ7EUJfmndP21Dk1cnQ"], ["LIMIT", 1]]
  ↳ app/controllers/api/users_controller.rb:7
  [1m[35m (0.2ms)[0m  [1m[31mROLLBACK[0m
  ↳ app/controllers/api/users_controller.rb:7
Completed 422 Unprocessable Entity in 343ms (Views: 0.3ms | ActiveRecord: 11.4ms)


Started POST "/api/users" for ::1 at 2019-07-30 14:25:23 -0400
Processing by Api::UsersController#create as JSON
  Parameters: {"user"=>{"username"=>"bb8", "password"=>"[FILTERED]", "email"=>"hotstuff"}}
  [1m[35m (0.2ms)[0m  [1m[35mBEGIN[0m
  ↳ app/controllers/api/users_controller.rb:7
  [1m[36mUser Exists (0.5ms)[0m  [1m[34mSELECT  1 AS one FROM "users" WHERE "users"."username" = $1 LIMIT $2[0m  [["username", "bb8"], ["LIMIT", 1]]
  ↳ app/controllers/api/users_controller.rb:7
  [1m[36mUser Exists (0.6ms)[0m  [1m[34mSELECT  1 AS one FROM "users" WHERE "users"."session_token" = $1 LIMIT $2[0m  [["session_token", "4NQ5AN7urVzFzu_gyIyRKQ"], ["LIMIT", 1]]
  ↳ app/controllers/api/users_controller.rb:7
  [1m[36mUser Create (0.9ms)[0m  [1m[32mINSERT INTO "users" ("username", "email", "password_digest", "session_token", "created_at", "updated_at") VALUES ($1, $2, $3, $4, $5, $6) RETURNING "id"[0m  [["username", "bb8"], ["email", "hotstuff"], ["password_digest", "$2a$12$Fn3ho8pEafiv61HJg4G2HejWkfS7RoZfTraZVsTeIPhm.aCNDMPxO"], ["session_token", "4NQ5AN7urVzFzu_gyIyRKQ"], ["created_at", "2019-07-30 18:25:24.190097"], ["updated_at", "2019-07-30 18:25:24.190097"]]
  ↳ app/controllers/api/users_controller.rb:7
  [1m[35m (0.6ms)[0m  [1m[35mCOMMIT[0m
  ↳ app/controllers/api/users_controller.rb:7
  [1m[35m (0.2ms)[0m  [1m[35mBEGIN[0m
  ↳ app/models/user.rb:34
  [1m[36mUser Exists (0.5ms)[0m  [1m[34mSELECT  1 AS one FROM "users" WHERE "users"."username" = $1 AND "users"."id" != $2 LIMIT $3[0m  [["username", "bb8"], ["id", 8], ["LIMIT", 1]]
  ↳ app/models/user.rb:34
  [1m[36mUser Exists (0.9ms)[0m  [1m[34mSELECT  1 AS one FROM "users" WHERE "users"."session_token" = $1 AND "users"."id" != $2 LIMIT $3[0m  [["session_token", "ehJmPbEmy8pA5e27lPkSWg"], ["id", 8], ["LIMIT", 1]]
  ↳ app/models/user.rb:34
  [1m[36mUser Update (0.8ms)[0m  [1m[33mUPDATE "users" SET "session_token" = $1, "updated_at" = $2 WHERE "users"."id" = $3[0m  [["session_token", "ehJmPbEmy8pA5e27lPkSWg"], ["updated_at", "2019-07-30 18:25:24.206374"], ["id", 8]]
  ↳ app/models/user.rb:34
  [1m[35m (0.7ms)[0m  [1m[35mCOMMIT[0m
  ↳ app/models/user.rb:34
  Rendering api/users/show.json.jbuilder
  Rendered api/users/_user.json.jbuilder (0.4ms)
  Rendered api/users/show.json.jbuilder (32.2ms)
Completed 200 OK in 404ms (Views: 90.1ms | ActiveRecord: 5.9ms)


Started DELETE "/api/session" for ::1 at 2019-07-30 14:25:47 -0400
Processing by Api::SessionsController#destroy as JSON
  [1m[36mUser Load (1.2ms)[0m  [1m[34mSELECT  "users".* FROM "users" WHERE "users"."session_token" = $1 LIMIT $2[0m  [["session_token", "ehJmPbEmy8pA5e27lPkSWg"], ["LIMIT", 1]]
  ↳ app/controllers/application_controller.rb:6
Completed 500 Internal Server Error in 97506ms (ActiveRecord: 1.2ms)



NoMethodError - undefined method `log_out!' for #<User:0x00007f95817b1a38>:
  app/controllers/api/sessions_controller.rb:16:in `destroy'

Started GET "/" for ::1 at 2019-07-30 14:28:03 -0400
  [1m[35m (2.2ms)[0m  [1m[34mSELECT "schema_migrations"."version" FROM "schema_migrations" ORDER BY "schema_migrations"."version" ASC[0m
  ↳ /Users/aa/.rbenv/versions/2.5.1/lib/ruby/gems/2.5.0/gems/activerecord-5.2.3/lib/active_record/log_subscriber.rb:98
Processing by StaticPagesController#root as HTML
  Rendering static_pages/root.html.erb within layouts/application
  Rendered static_pages/root.html.erb within layouts/application (1.9ms)
Completed 200 OK in 1639ms (Views: 1638.3ms | ActiveRecord: 0.0ms)


Started POST "/api/users" for ::1 at 2019-07-30 14:28:34 -0400
Processing by Api::UsersController#create as JSON
  Parameters: {"user"=>{"username"=>"bb9", "password"=>"[FILTERED]", "email"=>"hotstuff"}}
  [1m[35m (0.2ms)[0m  [1m[35mBEGIN[0m
  ↳ app/controllers/api/users_controller.rb:7
  [1m[36mUser Exists (1.5ms)[0m  [1m[34mSELECT  1 AS one FROM "users" WHERE "users"."username" = $1 LIMIT $2[0m  [["username", "bb9"], ["LIMIT", 1]]
  ↳ app/controllers/api/users_controller.rb:7
  [1m[36mUser Exists (0.6ms)[0m  [1m[34mSELECT  1 AS one FROM "users" WHERE "users"."session_token" = $1 LIMIT $2[0m  [["session_token", "wXhvRISSKhiViakaYWn0QQ"], ["LIMIT", 1]]
  ↳ app/controllers/api/users_controller.rb:7
  [1m[36mUser Create (1.1ms)[0m  [1m[32mINSERT INTO "users" ("username", "email", "password_digest", "session_token", "created_at", "updated_at") VALUES ($1, $2, $3, $4, $5, $6) RETURNING "id"[0m  [["username", "bb9"], ["email", "hotstuff"], ["password_digest", "$2a$12$/4qc96/BdsYW1UUD4NznqOZVHcwp3qqIiRu92EPISs07.ToNfxHZy"], ["session_token", "wXhvRISSKhiViakaYWn0QQ"], ["created_at", "2019-07-30 18:28:34.593832"], ["updated_at", "2019-07-30 18:28:34.593832"]]
  ↳ app/controllers/api/users_controller.rb:7
  [1m[35m (27.8ms)[0m  [1m[35mCOMMIT[0m
  ↳ app/controllers/api/users_controller.rb:7
  [1m[35m (0.2ms)[0m  [1m[35mBEGIN[0m
  ↳ app/models/user.rb:34
  [1m[36mUser Exists (1.0ms)[0m  [1m[34mSELECT  1 AS one FROM "users" WHERE "users"."username" = $1 AND "users"."id" != $2 LIMIT $3[0m  [["username", "bb9"], ["id", 9], ["LIMIT", 1]]
  ↳ app/models/user.rb:34
  [1m[36mUser Exists (1.1ms)[0m  [1m[34mSELECT  1 AS one FROM "users" WHERE "users"."session_token" = $1 AND "users"."id" != $2 LIMIT $3[0m  [["session_token", "GsnasgvbO4amWxT6rrUTPA"], ["id", 9], ["LIMIT", 1]]
  ↳ app/models/user.rb:34
  [1m[36mUser Update (1.2ms)[0m  [1m[33mUPDATE "users" SET "session_token" = $1, "updated_at" = $2 WHERE "users"."id" = $3[0m  [["session_token", "GsnasgvbO4amWxT6rrUTPA"], ["updated_at", "2019-07-30 18:28:34.630968"], ["id", 9]]
  ↳ app/models/user.rb:34
  [1m[35m (0.5ms)[0m  [1m[35mCOMMIT[0m
  ↳ app/models/user.rb:34
  Rendering api/users/show.json.jbuilder
  Rendered api/users/_user.json.jbuilder (0.4ms)
  Rendered api/users/show.json.jbuilder (21.6ms)
Completed 200 OK in 465ms (Views: 52.9ms | ActiveRecord: 42.7ms)


Started DELETE "/api/session" for ::1 at 2019-07-30 14:28:38 -0400
Processing by Api::SessionsController#destroy as JSON
  [1m[36mUser Load (0.6ms)[0m  [1m[34mSELECT  "users".* FROM "users" WHERE "users"."session_token" = $1 LIMIT $2[0m  [["session_token", "GsnasgvbO4amWxT6rrUTPA"], ["LIMIT", 1]]
  ↳ app/controllers/application_controller.rb:6
  [1m[35m (0.2ms)[0m  [1m[35mBEGIN[0m
  ↳ app/models/user.rb:34
  [1m[36mUser Exists (0.7ms)[0m  [1m[34mSELECT  1 AS one FROM "users" WHERE "users"."username" = $1 AND "users"."id" != $2 LIMIT $3[0m  [["username", "bb9"], ["id", 9], ["LIMIT", 1]]
  ↳ app/models/user.rb:34
  [1m[36mUser Exists (0.6ms)[0m  [1m[34mSELECT  1 AS one FROM "users" WHERE "users"."session_token" = $1 AND "users"."id" != $2 LIMIT $3[0m  [["session_token", "iHPq0z53M1L1sQqnr98r5A"], ["id", 9], ["LIMIT", 1]]
  ↳ app/models/user.rb:34
  [1m[36mUser Update (0.9ms)[0m  [1m[33mUPDATE "users" SET "session_token" = $1, "updated_at" = $2 WHERE "users"."id" = $3[0m  [["session_token", "iHPq0z53M1L1sQqnr98r5A"], ["updated_at", "2019-07-30 18:28:42.332487"], ["id", 9]]
  ↳ app/models/user.rb:34
  [1m[35m (0.5ms)[0m  [1m[35mCOMMIT[0m
  ↳ app/models/user.rb:34
Completed 500 Internal Server Error in 4052ms (ActiveRecord: 3.9ms)



ActionView::MissingTemplate - Missing template api/sessions/destroy, application/destroy with {:locale=>[:en], :formats=>[:json], :variants=>[], :handlers=>[:raw, :erb, :html, :builder, :ruby, :coffee, :jbuilder]}. Searched in:
  * "/Users/aa/Desktop/shell/goodPlays/app/views"
:
  app/controllers/api/sessions_controller.rb:17:in `destroy'

Started GET "/" for ::1 at 2019-07-30 14:30:59 -0400
Processing by StaticPagesController#root as HTML
  Rendering static_pages/root.html.erb within layouts/application
  Rendered static_pages/root.html.erb within layouts/application (1.1ms)
Completed 200 OK in 228ms (Views: 227.7ms | ActiveRecord: 0.0ms)


Started POST "/api/users" for ::1 at 2019-07-30 14:31:15 -0400
Processing by Api::UsersController#create as JSON
  Parameters: {"user"=>{"username"=>"bb0", "password"=>"[FILTERED]", "email"=>"hotstuff"}}
  [1m[35m (0.2ms)[0m  [1m[35mBEGIN[0m
  ↳ app/controllers/api/users_controller.rb:7
  [1m[36mUser Exists (0.6ms)[0m  [1m[34mSELECT  1 AS one FROM "users" WHERE "users"."username" = $1 LIMIT $2[0m  [["username", "bb0"], ["LIMIT", 1]]
  ↳ app/controllers/api/users_controller.rb:7
  [1m[36mUser Exists (0.4ms)[0m  [1m[34mSELECT  1 AS one FROM "users" WHERE "users"."session_token" = $1 LIMIT $2[0m  [["session_token", "2fl7aWYcS43Q40Ga7c060g"], ["LIMIT", 1]]
  ↳ app/controllers/api/users_controller.rb:7
  [1m[36mUser Create (43.1ms)[0m  [1m[32mINSERT INTO "users" ("username", "email", "password_digest", "session_token", "created_at", "updated_at") VALUES ($1, $2, $3, $4, $5, $6) RETURNING "id"[0m  [["username", "bb0"], ["email", "hotstuff"], ["password_digest", "$2a$12$Adzuj51h1bCjN1TFbqpBI.7iJKV67ro52QnWGJcAcbQlffdlJMjwS"], ["session_token", "2fl7aWYcS43Q40Ga7c060g"], ["created_at", "2019-07-30 18:31:15.518498"], ["updated_at", "2019-07-30 18:31:15.518498"]]
  ↳ app/controllers/api/users_controller.rb:7
  [1m[35m (25.3ms)[0m  [1m[35mCOMMIT[0m
  ↳ app/controllers/api/users_controller.rb:7
  [1m[35m (0.2ms)[0m  [1m[35mBEGIN[0m
  ↳ app/models/user.rb:34
  [1m[36mUser Exists (0.9ms)[0m  [1m[34mSELECT  1 AS one FROM "users" WHERE "users"."username" = $1 AND "users"."id" != $2 LIMIT $3[0m  [["username", "bb0"], ["id", 10], ["LIMIT", 1]]
  ↳ app/models/user.rb:34
  [1m[36mUser Exists (0.7ms)[0m  [1m[34mSELECT  1 AS one FROM "users" WHERE "users"."session_token" = $1 AND "users"."id" != $2 LIMIT $3[0m  [["session_token", "Jo0OXtOg1d0CtuFxVRbXmw"], ["id", 10], ["LIMIT", 1]]
  ↳ app/models/user.rb:34
  [1m[36mUser Update (0.8ms)[0m  [1m[33mUPDATE "users" SET "session_token" = $1, "updated_at" = $2 WHERE "users"."id" = $3[0m  [["session_token", "Jo0OXtOg1d0CtuFxVRbXmw"], ["updated_at", "2019-07-30 18:31:15.595824"], ["id", 10]]
  ↳ app/models/user.rb:34
  [1m[35m (0.5ms)[0m  [1m[35mCOMMIT[0m
  ↳ app/models/user.rb:34
  Rendering api/users/show.json.jbuilder
  Rendered api/users/_user.json.jbuilder (0.7ms)
  Rendered api/users/show.json.jbuilder (32.8ms)
Completed 200 OK in 496ms (Views: 64.1ms | ActiveRecord: 83.8ms)


Started DELETE "/api/session" for ::1 at 2019-07-30 14:31:18 -0400
Processing by Api::SessionsController#destroy as JSON
  [1m[36mUser Load (0.9ms)[0m  [1m[34mSELECT  "users".* FROM "users" WHERE "users"."session_token" = $1 LIMIT $2[0m  [["session_token", "Jo0OXtOg1d0CtuFxVRbXmw"], ["LIMIT", 1]]
  ↳ app/controllers/application_controller.rb:6
  [1m[35m (0.2ms)[0m  [1m[35mBEGIN[0m
  ↳ app/models/user.rb:34
  [1m[36mUser Exists (0.7ms)[0m  [1m[34mSELECT  1 AS one FROM "users" WHERE "users"."username" = $1 AND "users"."id" != $2 LIMIT $3[0m  [["username", "bb0"], ["id", 10], ["LIMIT", 1]]
  ↳ app/models/user.rb:34
  [1m[36mUser Exists (0.5ms)[0m  [1m[34mSELECT  1 AS one FROM "users" WHERE "users"."session_token" = $1 AND "users"."id" != $2 LIMIT $3[0m  [["session_token", "D2X-LJ2N94PonGrFH5IV5Q"], ["id", 10], ["LIMIT", 1]]
  ↳ app/models/user.rb:34
  [1m[36mUser Update (0.5ms)[0m  [1m[33mUPDATE "users" SET "session_token" = $1, "updated_at" = $2 WHERE "users"."id" = $3[0m  [["session_token", "D2X-LJ2N94PonGrFH5IV5Q"], ["updated_at", "2019-07-30 18:31:21.318678"], ["id", 10]]
  ↳ app/models/user.rb:34
  [1m[35m (0.5ms)[0m  [1m[35mCOMMIT[0m
  ↳ app/models/user.rb:34
Completed 200 OK in 3252ms (Views: 0.3ms | ActiveRecord: 3.3ms)


Started POST "/api/session" for ::1 at 2019-07-30 14:31:31 -0400
Processing by Api::SessionsController#create as JSON
  Parameters: {"user"=>{"username"=>"bb0", "password"=>"[FILTERED]", "email"=>"hotstuff"}}
  [1m[36mUser Load (0.7ms)[0m  [1m[34mSELECT  "users".* FROM "users" WHERE "users"."username" = $1 LIMIT $2[0m  [["username", "bb0"], ["LIMIT", 1]]
  ↳ app/models/user.rb:12
  [1m[35m (0.2ms)[0m  [1m[35mBEGIN[0m
  ↳ app/models/user.rb:34
  [1m[36mUser Exists (0.7ms)[0m  [1m[34mSELECT  1 AS one FROM "users" WHERE "users"."username" = $1 AND "users"."id" != $2 LIMIT $3[0m  [["username", "bb0"], ["id", 10], ["LIMIT", 1]]
  ↳ app/models/user.rb:34
  [1m[36mUser Exists (0.6ms)[0m  [1m[34mSELECT  1 AS one FROM "users" WHERE "users"."session_token" = $1 AND "users"."id" != $2 LIMIT $3[0m  [["session_token", "GaN3YhsCsIOAm--oAHswNA"], ["id", 10], ["LIMIT", 1]]
  ↳ app/models/user.rb:34
  [1m[36mUser Update (0.6ms)[0m  [1m[33mUPDATE "users" SET "session_token" = $1, "updated_at" = $2 WHERE "users"."id" = $3[0m  [["session_token", "GaN3YhsCsIOAm--oAHswNA"], ["updated_at", "2019-07-30 18:31:31.774334"], ["id", 10]]
  ↳ app/models/user.rb:34
  [1m[35m (1.0ms)[0m  [1m[35mCOMMIT[0m
  ↳ app/models/user.rb:34
  Rendering api/users/show.json.jbuilder
  Rendered api/users/_user.json.jbuilder (0.4ms)
  Rendered api/users/show.json.jbuilder (12.3ms)
Completed 200 OK in 349ms (Views: 42.3ms | ActiveRecord: 3.7ms)


Started GET "/" for ::1 at 2019-07-30 15:27:49 -0400
Processing by StaticPagesController#root as HTML
  Rendering static_pages/root.html.erb within layouts/application
  Rendered static_pages/root.html.erb within layouts/application (1.2ms)
Completed 200 OK in 1823ms (Views: 1822.7ms | ActiveRecord: 0.0ms)


Started GET "/" for ::1 at 2019-07-30 15:29:48 -0400
Processing by StaticPagesController#root as HTML
  Rendering static_pages/root.html.erb within layouts/application
  Rendered static_pages/root.html.erb within layouts/application (4.6ms)
Completed 200 OK in 1573ms (Views: 1571.8ms | ActiveRecord: 0.0ms)


Started GET "/" for ::1 at 2019-07-30 15:30:35 -0400
Processing by StaticPagesController#root as HTML
  Rendering static_pages/root.html.erb within layouts/application
  Rendered static_pages/root.html.erb within layouts/application (0.5ms)
Completed 200 OK in 1408ms (Views: 1408.1ms | ActiveRecord: 0.0ms)


  [1m[36mUser Load (1.1ms)[0m  [1m[34mSELECT "users".* FROM "users"[0m
